<?xml version="1.0" encoding="UTF-8"?>
<coverage generated="1660570052929" clover="3.2.0">
  <project timestamp="1660570052929" name="All files">
    <metrics statements="57" coveredstatements="51" conditionals="22" coveredconditionals="10" methods="7" coveredmethods="7" elements="86" coveredelements="68" complexity="0" loc="57" ncloc="57" packages="1" files="2" classes="2"/>
    <file name="student.js" path="D:\Development\Skillbox_gitlab\JS\10_type-transform\src\js\student.js">
      <metrics statements="30" coveredstatements="27" conditionals="16" coveredconditionals="7" methods="5" coveredmethods="5"/>
      <line num="3" count="1" type="stmt"/>
      <line num="4" count="1" type="stmt"/>
      <line num="5" count="1" type="stmt"/>
      <line num="6" count="1" type="stmt"/>
      <line num="7" count="1" type="stmt"/>
      <line num="8" count="1" type="stmt"/>
      <line num="12" count="1" type="stmt"/>
      <line num="16" count="1" type="stmt"/>
      <line num="17" count="1" type="stmt"/>
      <line num="18" count="1" type="stmt"/>
      <line num="19" count="1" type="cond" truecount="2" falsecount="3"/>
      <line num="20" count="1" type="stmt"/>
      <line num="22" count="1" type="cond" truecount="1" falsecount="1"/>
      <line num="23" count="0" type="stmt"/>
      <line num="26" count="1" type="stmt"/>
      <line num="29" count="0" type="stmt"/>
      <line num="33" count="1" type="stmt"/>
      <line num="34" count="1" type="stmt"/>
      <line num="35" count="1" type="stmt"/>
      <line num="37" count="1" type="cond" truecount="1" falsecount="1"/>
      <line num="38" count="1" type="stmt"/>
      <line num="41" count="1" type="cond" truecount="1" falsecount="1"/>
      <line num="42" count="0" type="stmt"/>
      <line num="45" count="1" type="stmt"/>
      <line num="49" count="2" type="stmt"/>
      <line num="50" count="2" type="stmt"/>
      <line num="51" count="2" type="stmt"/>
      <line num="52" count="2" type="cond" truecount="2" falsecount="3"/>
      <line num="53" count="2" type="stmt"/>
      <line num="55" count="2" type="stmt"/>
    </file>
    <file name="studentTR.js" path="D:\Development\Skillbox_gitlab\JS\10_type-transform\src\js\studentTR.js">
      <metrics statements="27" coveredstatements="24" conditionals="6" coveredconditionals="3" methods="2" coveredmethods="2"/>
      <line num="2" count="1" type="stmt"/>
      <line num="3" count="1" type="stmt"/>
      <line num="4" count="1" type="stmt"/>
      <line num="5" count="1" type="stmt"/>
      <line num="6" count="1" type="stmt"/>
      <line num="8" count="1" type="stmt"/>
      <line num="9" count="1" type="stmt"/>
      <line num="10" count="1" type="stmt"/>
      <line num="11" count="1" type="stmt"/>
      <line num="12" count="1" type="stmt"/>
      <line num="14" count="1" type="stmt"/>
      <line num="16" count="1" type="stmt"/>
      <line num="17" count="1" type="stmt"/>
      <line num="20" count="1" type="stmt"/>
      <line num="21" count="1" type="stmt"/>
      <line num="23" count="1" type="stmt"/>
      <line num="24" count="1" type="stmt"/>
      <line num="25" count="1" type="stmt"/>
      <line num="26" count="1" type="stmt"/>
      <line num="28" count="1" type="stmt"/>
      <line num="32" count="1" type="cond" truecount="1" falsecount="1"/>
      <line num="33" count="0" type="stmt"/>
      <line num="36" count="1" type="cond" truecount="1" falsecount="1"/>
      <line num="37" count="0" type="stmt"/>
      <line num="40" count="1" type="cond" truecount="1" falsecount="1"/>
      <line num="41" count="0" type="stmt"/>
      <line num="44" count="1" type="stmt"/>
    </file>
  </project>
</coverage>
