{"/home/maximub/Work Development/github/students-control-panel/src/js/config/activeStudentID.js": {"path":"/home/maximub/Work Development/github/students-control-panel/src/js/config/activeStudentID.js","statementMap":{"0":{"start":{"line":2,"column":31},"end":{"line":4,"column":1}}},"fnMap":{},"branchMap":{},"s":{"0":1},"f":{},"b":{},"_coverageSchema":"1a1c01bbd47fc00a2c39e90264f33305004495a9","hash":"7c2bd5622ec87e839804c82366b200a5a4de654b"}
,"/home/maximub/Work Development/github/students-control-panel/src/js/helpers/dateFormatter.js": {"path":"/home/maximub/Work Development/github/students-control-panel/src/js/helpers/dateFormatter.js","statementMap":{"0":{"start":{"line":2,"column":15},"end":{"line":2,"column":34}},"1":{"start":{"line":4,"column":15},"end":{"line":4,"column":33}},"2":{"start":{"line":5,"column":11},"end":{"line":5,"column":30}},"3":{"start":{"line":6,"column":11},"end":{"line":6,"column":25}},"4":{"start":{"line":8,"column":2},"end":{"line":10,"column":3}},"5":{"start":{"line":9,"column":4},"end":{"line":9,"column":18}},"6":{"start":{"line":12,"column":2},"end":{"line":14,"column":3}},"7":{"start":{"line":13,"column":4},"end":{"line":13,"column":18}},"8":{"start":{"line":16,"column":2},"end":{"line":20,"column":4}}},"fnMap":{"0":{"name":"dateFormatter","decl":{"start":{"line":1,"column":24},"end":{"line":1,"column":37}},"loc":{"start":{"line":1,"column":49},"end":{"line":21,"column":1}},"line":1}},"branchMap":{"0":{"loc":{"start":{"line":8,"column":2},"end":{"line":10,"column":3}},"type":"if","locations":[{"start":{"line":8,"column":2},"end":{"line":10,"column":3}},{"start":{},"end":{}}],"line":8},"1":{"loc":{"start":{"line":12,"column":2},"end":{"line":14,"column":3}},"type":"if","locations":[{"start":{"line":12,"column":2},"end":{"line":14,"column":3}},{"start":{},"end":{}}],"line":12}},"s":{"0":3,"1":3,"2":3,"3":3,"4":3,"5":3,"6":3,"7":0,"8":3},"f":{"0":3},"b":{"0":[3,0],"1":[0,3]},"_coverageSchema":"1a1c01bbd47fc00a2c39e90264f33305004495a9","hash":"ca4cb2966456710de628cbbf8c124cbe110dbbaa"}
,"/home/maximub/Work Development/github/students-control-panel/src/js/helpers/declensionNumbers.js": {"path":"/home/maximub/Work Development/github/students-control-panel/src/js/helpers/declensionNumbers.js","statementMap":{"0":{"start":{"line":2,"column":20},"end":{"line":2,"column":42}},"1":{"start":{"line":4,"column":22},"end":{"line":4,"column":33}},"2":{"start":{"line":6,"column":2},"end":{"line":8,"column":3}},"3":{"start":{"line":7,"column":4},"end":{"line":7,"column":20}},"4":{"start":{"line":10,"column":2},"end":{"line":12,"column":3}},"5":{"start":{"line":11,"column":4},"end":{"line":11,"column":20}},"6":{"start":{"line":14,"column":2},"end":{"line":16,"column":3}},"7":{"start":{"line":15,"column":4},"end":{"line":15,"column":20}},"8":{"start":{"line":18,"column":2},"end":{"line":18,"column":18}}},"fnMap":{"0":{"name":"declensionNumbers","decl":{"start":{"line":1,"column":24},"end":{"line":1,"column":41}},"loc":{"start":{"line":1,"column":57},"end":{"line":19,"column":1}},"line":1}},"branchMap":{"0":{"loc":{"start":{"line":6,"column":2},"end":{"line":8,"column":3}},"type":"if","locations":[{"start":{"line":6,"column":2},"end":{"line":8,"column":3}},{"start":{},"end":{}}],"line":6},"1":{"loc":{"start":{"line":6,"column":6},"end":{"line":6,"column":38}},"type":"binary-expr","locations":[{"start":{"line":6,"column":6},"end":{"line":6,"column":20}},{"start":{"line":6,"column":24},"end":{"line":6,"column":38}}],"line":6},"2":{"loc":{"start":{"line":10,"column":2},"end":{"line":12,"column":3}},"type":"if","locations":[{"start":{"line":10,"column":2},"end":{"line":12,"column":3}},{"start":{},"end":{}}],"line":10},"3":{"loc":{"start":{"line":10,"column":6},"end":{"line":10,"column":40}},"type":"binary-expr","locations":[{"start":{"line":10,"column":6},"end":{"line":10,"column":21}},{"start":{"line":10,"column":25},"end":{"line":10,"column":40}}],"line":10},"4":{"loc":{"start":{"line":14,"column":2},"end":{"line":16,"column":3}},"type":"if","locations":[{"start":{"line":14,"column":2},"end":{"line":16,"column":3}},{"start":{},"end":{}}],"line":14}},"s":{"0":1,"1":1,"2":1,"3":0,"4":1,"5":0,"6":1,"7":0,"8":1},"f":{"0":1},"b":{"0":[0,1],"1":[1,1],"2":[0,1],"3":[1,1],"4":[0,1]},"_coverageSchema":"1a1c01bbd47fc00a2c39e90264f33305004495a9","hash":"c39ffc06a444a27e75a3a1988e54b85aa3be502a"}
,"/home/maximub/Work Development/github/students-control-panel/src/js/helpers/declensionYears.js": {"path":"/home/maximub/Work Development/github/students-control-panel/src/js/helpers/declensionYears.js","statementMap":{"0":{"start":{"line":4,"column":16},"end":{"line":4,"column":38}},"1":{"start":{"line":6,"column":2},"end":{"line":6,"column":42}}},"fnMap":{"0":{"name":"declensionYears","decl":{"start":{"line":3,"column":24},"end":{"line":3,"column":39}},"loc":{"start":{"line":3,"column":48},"end":{"line":7,"column":1}},"line":3}},"branchMap":{},"s":{"0":1,"1":1},"f":{"0":1},"b":{},"_coverageSchema":"1a1c01bbd47fc00a2c39e90264f33305004495a9","hash":"b7b1342310028b2f599de627d5a7989b996c187f"}
,"/home/maximub/Work Development/github/students-control-panel/src/js/student/student.js": {"path":"/home/maximub/Work Development/github/students-control-panel/src/js/student/student.js","statementMap":{"0":{"start":{"line":5,"column":4},"end":{"line":5,"column":17}},"1":{"start":{"line":6,"column":4},"end":{"line":6,"column":21}},"2":{"start":{"line":7,"column":4},"end":{"line":7,"column":27}},"3":{"start":{"line":8,"column":4},"end":{"line":8,"column":29}},"4":{"start":{"line":9,"column":4},"end":{"line":9,"column":27}},"5":{"start":{"line":10,"column":4},"end":{"line":10,"column":29}},"6":{"start":{"line":11,"column":4},"end":{"line":11,"column":33}},"7":{"start":{"line":15,"column":4},"end":{"line":15,"column":59}},"8":{"start":{"line":19,"column":24},"end":{"line":19,"column":34}},"9":{"start":{"line":20,"column":18},"end":{"line":20,"column":40}},"10":{"start":{"line":21,"column":21},"end":{"line":21,"column":64}},"11":{"start":{"line":22,"column":4},"end":{"line":30,"column":5}},"12":{"start":{"line":23,"column":21},"end":{"line":23,"column":43}},"13":{"start":{"line":25,"column":6},"end":{"line":27,"column":7}},"14":{"start":{"line":26,"column":8},"end":{"line":26,"column":29}},"15":{"start":{"line":29,"column":6},"end":{"line":29,"column":26}},"16":{"start":{"line":32,"column":4},"end":{"line":32,"column":32}},"17":{"start":{"line":36,"column":17},"end":{"line":36,"column":45}},"18":{"start":{"line":38,"column":4},"end":{"line":38,"column":48}},"19":{"start":{"line":42,"column":17},"end":{"line":42,"column":45}},"20":{"start":{"line":44,"column":4},"end":{"line":44,"column":48}},"21":{"start":{"line":48,"column":28},"end":{"line":48,"column":51}},"22":{"start":{"line":50,"column":18},"end":{"line":50,"column":28}},"23":{"start":{"line":51,"column":14},"end":{"line":51,"column":65}},"24":{"start":{"line":52,"column":14},"end":{"line":52,"column":59}},"25":{"start":{"line":53,"column":4},"end":{"line":55,"column":5}},"26":{"start":{"line":54,"column":6},"end":{"line":54,"column":12}},"27":{"start":{"line":56,"column":4},"end":{"line":56,"column":15}}},"fnMap":{"0":{"name":"(anonymous_0)","decl":{"start":{"line":4,"column":2},"end":{"line":4,"column":3}},"loc":{"start":{"line":4,"column":74},"end":{"line":12,"column":3}},"line":4},"1":{"name":"(anonymous_1)","decl":{"start":{"line":14,"column":2},"end":{"line":14,"column":3}},"loc":{"start":{"line":14,"column":12},"end":{"line":16,"column":3}},"line":14},"2":{"name":"(anonymous_2)","decl":{"start":{"line":18,"column":2},"end":{"line":18,"column":3}},"loc":{"start":{"line":18,"column":23},"end":{"line":33,"column":3}},"line":18},"3":{"name":"(anonymous_3)","decl":{"start":{"line":35,"column":2},"end":{"line":35,"column":3}},"loc":{"start":{"line":35,"column":22},"end":{"line":39,"column":3}},"line":35},"4":{"name":"(anonymous_4)","decl":{"start":{"line":41,"column":2},"end":{"line":41,"column":3}},"loc":{"start":{"line":41,"column":29},"end":{"line":45,"column":3}},"line":41},"5":{"name":"(anonymous_5)","decl":{"start":{"line":47,"column":2},"end":{"line":47,"column":3}},"loc":{"start":{"line":47,"column":11},"end":{"line":57,"column":3}},"line":47}},"branchMap":{"0":{"loc":{"start":{"line":22,"column":4},"end":{"line":30,"column":5}},"type":"if","locations":[{"start":{"line":22,"column":4},"end":{"line":30,"column":5}},{"start":{},"end":{}}],"line":22},"1":{"loc":{"start":{"line":22,"column":8},"end":{"line":22,"column":53}},"type":"binary-expr","locations":[{"start":{"line":22,"column":8},"end":{"line":22,"column":20}},{"start":{"line":22,"column":25},"end":{"line":22,"column":39}},{"start":{"line":22,"column":43},"end":{"line":22,"column":52}}],"line":22},"2":{"loc":{"start":{"line":25,"column":6},"end":{"line":27,"column":7}},"type":"if","locations":[{"start":{"line":25,"column":6},"end":{"line":27,"column":7}},{"start":{},"end":{}}],"line":25},"3":{"loc":{"start":{"line":53,"column":4},"end":{"line":55,"column":5}},"type":"if","locations":[{"start":{"line":53,"column":4},"end":{"line":55,"column":5}},{"start":{},"end":{}}],"line":53},"4":{"loc":{"start":{"line":53,"column":8},"end":{"line":53,"column":73}},"type":"binary-expr","locations":[{"start":{"line":53,"column":8},"end":{"line":53,"column":13}},{"start":{"line":53,"column":18},"end":{"line":53,"column":25}},{"start":{"line":53,"column":29},"end":{"line":53,"column":72}}],"line":53}},"s":{"0":2,"1":2,"2":2,"3":2,"4":2,"5":2,"6":2,"7":2,"8":2,"9":2,"10":2,"11":2,"12":0,"13":0,"14":0,"15":0,"16":2,"17":2,"18":2,"19":1,"20":1,"21":3,"22":3,"23":3,"24":3,"25":3,"26":3,"27":3},"f":{"0":2,"1":2,"2":2,"3":2,"4":1,"5":3},"b":{"0":[0,2],"1":[2,2,2],"2":[0,0],"3":[3,0],"4":[3,0,0]},"_coverageSchema":"1a1c01bbd47fc00a2c39e90264f33305004495a9","hash":"2f02bd765f7ba0ed27c5202efadacc64e2636d26"}
,"/home/maximub/Work Development/github/students-control-panel/src/js/table/selectionRowTable.js": {"path":"/home/maximub/Work Development/github/students-control-panel/src/js/table/selectionRowTable.js","statementMap":{"0":{"start":{"line":2,"column":20},"end":{"line":24,"column":1}},"1":{"start":{"line":8,"column":21},"end":{"line":8,"column":30}},"2":{"start":{"line":10,"column":6},"end":{"line":17,"column":7}},"3":{"start":{"line":11,"column":8},"end":{"line":13,"column":9}},"4":{"start":{"line":12,"column":10},"end":{"line":12,"column":49}},"5":{"start":{"line":14,"column":8},"end":{"line":16,"column":9}},"6":{"start":{"line":15,"column":10},"end":{"line":15,"column":46}},"7":{"start":{"line":19,"column":6},"end":{"line":19,"column":25}},"8":{"start":{"line":21,"column":6},"end":{"line":21,"column":18}}},"fnMap":{"0":{"name":"(anonymous_0)","decl":{"start":{"line":7,"column":4},"end":{"line":7,"column":5}},"loc":{"start":{"line":7,"column":27},"end":{"line":22,"column":5}},"line":7}},"branchMap":{"0":{"loc":{"start":{"line":10,"column":6},"end":{"line":17,"column":7}},"type":"if","locations":[{"start":{"line":10,"column":6},"end":{"line":17,"column":7}},{"start":{},"end":{}}],"line":10},"1":{"loc":{"start":{"line":11,"column":8},"end":{"line":13,"column":9}},"type":"if","locations":[{"start":{"line":11,"column":8},"end":{"line":13,"column":9}},{"start":{},"end":{}}],"line":11},"2":{"loc":{"start":{"line":14,"column":8},"end":{"line":16,"column":9}},"type":"if","locations":[{"start":{"line":14,"column":8},"end":{"line":16,"column":9}},{"start":{},"end":{}}],"line":14}},"s":{"0":1,"1":0,"2":0,"3":0,"4":0,"5":0,"6":0,"7":0,"8":0},"f":{"0":0},"b":{"0":[0,0],"1":[0,0],"2":[0,0]},"_coverageSchema":"1a1c01bbd47fc00a2c39e90264f33305004495a9","hash":"528cf4a7c0a9944a2a2815a4462a6f685f33b0d2"}
,"/home/maximub/Work Development/github/students-control-panel/src/js/table/studentRowTable.js": {"path":"/home/maximub/Work Development/github/students-control-panel/src/js/table/studentRowTable.js","statementMap":{"0":{"start":{"line":5,"column":29},"end":{"line":5,"column":74}},"1":{"start":{"line":6,"column":29},"end":{"line":6,"column":74}},"2":{"start":{"line":9,"column":21},"end":{"line":9,"column":49}},"3":{"start":{"line":10,"column":17},"end":{"line":10,"column":45}},"4":{"start":{"line":11,"column":21},"end":{"line":11,"column":49}},"5":{"start":{"line":12,"column":22},"end":{"line":12,"column":50}},"6":{"start":{"line":13,"column":24},"end":{"line":13,"column":52}},"7":{"start":{"line":15,"column":2},"end":{"line":15,"column":49}},"8":{"start":{"line":16,"column":2},"end":{"line":16,"column":74}},"9":{"start":{"line":17,"column":2},"end":{"line":17,"column":82}},"10":{"start":{"line":18,"column":2},"end":{"line":18,"column":84}},"11":{"start":{"line":19,"column":2},"end":{"line":19,"column":53}},"12":{"start":{"line":21,"column":25},"end":{"line":21,"column":41}},"13":{"start":{"line":23,"column":2},"end":{"line":23,"column":35}},"14":{"start":{"line":24,"column":2},"end":{"line":24,"column":118}},"15":{"start":{"line":25,"column":2},"end":{"line":25,"column":115}},"16":{"start":{"line":26,"column":2},"end":{"line":26,"column":43}},"17":{"start":{"line":28,"column":20},"end":{"line":51,"column":3}},"18":{"start":{"line":32,"column":6},"end":{"line":49,"column":9}},"19":{"start":{"line":33,"column":23},"end":{"line":33,"column":42}},"20":{"start":{"line":35,"column":8},"end":{"line":42,"column":9}},"21":{"start":{"line":36,"column":10},"end":{"line":36,"column":49}},"22":{"start":{"line":38,"column":10},"end":{"line":38,"column":47}},"23":{"start":{"line":39,"column":10},"end":{"line":39,"column":47}},"24":{"start":{"line":41,"column":10},"end":{"line":41,"column":17}},"25":{"start":{"line":44,"column":8},"end":{"line":44,"column":31}},"26":{"start":{"line":45,"column":8},"end":{"line":45,"column":40}},"27":{"start":{"line":47,"column":8},"end":{"line":47,"column":46}},"28":{"start":{"line":48,"column":8},"end":{"line":48,"column":46}},"29":{"start":{"line":53,"column":2},"end":{"line":53,"column":31}},"30":{"start":{"line":55,"column":2},"end":{"line":55,"column":28}},"31":{"start":{"line":56,"column":2},"end":{"line":56,"column":32}},"32":{"start":{"line":57,"column":2},"end":{"line":57,"column":33}},"33":{"start":{"line":58,"column":2},"end":{"line":58,"column":35}},"34":{"start":{"line":60,"column":2},"end":{"line":60,"column":20}}},"fnMap":{"0":{"name":"studentRowTable","decl":{"start":{"line":8,"column":24},"end":{"line":8,"column":39}},"loc":{"start":{"line":8,"column":49},"end":{"line":61,"column":1}},"line":8},"1":{"name":"(anonymous_1)","decl":{"start":{"line":31,"column":4},"end":{"line":31,"column":5}},"loc":{"start":{"line":31,"column":23},"end":{"line":50,"column":5}},"line":31},"2":{"name":"(anonymous_2)","decl":{"start":{"line":32,"column":40},"end":{"line":32,"column":41}},"loc":{"start":{"line":32,"column":51},"end":{"line":49,"column":7}},"line":32}},"branchMap":{"0":{"loc":{"start":{"line":35,"column":8},"end":{"line":42,"column":9}},"type":"if","locations":[{"start":{"line":35,"column":8},"end":{"line":42,"column":9}},{"start":{},"end":{}}],"line":35}},"s":{"0":1,"1":1,"2":1,"3":1,"4":1,"5":1,"6":1,"7":1,"8":1,"9":1,"10":1,"11":1,"12":1,"13":1,"14":1,"15":1,"16":1,"17":1,"18":1,"19":0,"20":0,"21":0,"22":0,"23":0,"24":0,"25":0,"26":0,"27":0,"28":0,"29":1,"30":1,"31":1,"32":1,"33":1,"34":1},"f":{"0":1,"1":1,"2":0},"b":{"0":[0,0]},"_coverageSchema":"1a1c01bbd47fc00a2c39e90264f33305004495a9","hash":"b1adf481c76c51bcb1f15af03fa0525677bbe0d7"}
,"/home/maximub/Work Development/github/students-control-panel/src/js/validation/formValidation.js": {"path":"/home/maximub/Work Development/github/students-control-panel/src/js/validation/formValidation.js","statementMap":{"0":{"start":{"line":1,"column":15},"end":{"line":1,"column":17}},"1":{"start":{"line":2,"column":20},"end":{"line":2,"column":24}},"2":{"start":{"line":5,"column":21},"end":{"line":5,"column":42}},"3":{"start":{"line":7,"column":2},"end":{"line":14,"column":3}},"4":{"start":{"line":8,"column":4},"end":{"line":11,"column":7}},"5":{"start":{"line":13,"column":4},"end":{"line":13,"column":21}},"6":{"start":{"line":17,"column":2},"end":{"line":33,"column":3}},"7":{"start":{"line":18,"column":4},"end":{"line":26,"column":5}},"8":{"start":{"line":19,"column":6},"end":{"line":23,"column":9}},"9":{"start":{"line":25,"column":6},"end":{"line":25,"column":23}},"10":{"start":{"line":27,"column":4},"end":{"line":32,"column":5}},"11":{"start":{"line":28,"column":6},"end":{"line":31,"column":9}},"12":{"start":{"line":36,"column":2},"end":{"line":45,"column":3}},"13":{"start":{"line":37,"column":4},"end":{"line":44,"column":5}},"14":{"start":{"line":38,"column":6},"end":{"line":43,"column":9}},"15":{"start":{"line":48,"column":2},"end":{"line":76,"column":3}},"16":{"start":{"line":49,"column":18},"end":{"line":49,"column":28}},"17":{"start":{"line":50,"column":4},"end":{"line":50,"column":41}},"18":{"start":{"line":52,"column":4},"end":{"line":59,"column":5}},"19":{"start":{"line":53,"column":6},"end":{"line":56,"column":9}},"20":{"start":{"line":58,"column":6},"end":{"line":58,"column":23}},"21":{"start":{"line":61,"column":4},"end":{"line":68,"column":5}},"22":{"start":{"line":62,"column":6},"end":{"line":65,"column":9}},"23":{"start":{"line":67,"column":6},"end":{"line":67,"column":23}},"24":{"start":{"line":70,"column":4},"end":{"line":75,"column":5}},"25":{"start":{"line":71,"column":6},"end":{"line":74,"column":9}},"26":{"start":{"line":79,"column":2},"end":{"line":110,"column":3}},"27":{"start":{"line":80,"column":18},"end":{"line":80,"column":42}},"28":{"start":{"line":82,"column":4},"end":{"line":89,"column":5}},"29":{"start":{"line":83,"column":6},"end":{"line":86,"column":9}},"30":{"start":{"line":88,"column":6},"end":{"line":88,"column":23}},"31":{"start":{"line":91,"column":4},"end":{"line":93,"column":5}},"32":{"start":{"line":92,"column":6},"end":{"line":92,"column":23}},"33":{"start":{"line":95,"column":4},"end":{"line":102,"column":5}},"34":{"start":{"line":96,"column":6},"end":{"line":99,"column":9}},"35":{"start":{"line":101,"column":6},"end":{"line":101,"column":23}},"36":{"start":{"line":104,"column":4},"end":{"line":109,"column":5}},"37":{"start":{"line":105,"column":6},"end":{"line":108,"column":9}},"38":{"start":{"line":112,"column":2},"end":{"line":112,"column":19}},"39":{"start":{"line":116,"column":2},"end":{"line":130,"column":3}},"40":{"start":{"line":116,"column":15},"end":{"line":116,"column":16}},"41":{"start":{"line":117,"column":4},"end":{"line":117,"column":55}},"42":{"start":{"line":119,"column":4},"end":{"line":119,"column":53}},"43":{"start":{"line":122,"column":4},"end":{"line":127,"column":5}},"44":{"start":{"line":123,"column":39},"end":{"line":123,"column":115}},"45":{"start":{"line":125,"column":6},"end":{"line":125,"column":48}},"46":{"start":{"line":126,"column":6},"end":{"line":126,"column":68}},"47":{"start":{"line":129,"column":4},"end":{"line":129,"column":61}},"48":{"start":{"line":132,"column":2},"end":{"line":136,"column":3}},"49":{"start":{"line":133,"column":16},"end":{"line":133,"column":31}},"50":{"start":{"line":134,"column":4},"end":{"line":134,"column":31}},"51":{"start":{"line":135,"column":4},"end":{"line":135,"column":14}}},"fnMap":{"0":{"name":"getValidateInputValue","decl":{"start":{"line":4,"column":9},"end":{"line":4,"column":30}},"loc":{"start":{"line":4,"column":52},"end":{"line":113,"column":1}},"line":4},"1":{"name":"inputValidation","decl":{"start":{"line":115,"column":9},"end":{"line":115,"column":24}},"loc":{"start":{"line":115,"column":49},"end":{"line":137,"column":1}},"line":115}},"branchMap":{"0":{"loc":{"start":{"line":7,"column":2},"end":{"line":14,"column":3}},"type":"if","locations":[{"start":{"line":7,"column":2},"end":{"line":14,"column":3}},{"start":{},"end":{}}],"line":7},"1":{"loc":{"start":{"line":17,"column":2},"end":{"line":33,"column":3}},"type":"if","locations":[{"start":{"line":17,"column":2},"end":{"line":33,"column":3}},{"start":{},"end":{}}],"line":17},"2":{"loc":{"start":{"line":18,"column":4},"end":{"line":26,"column":5}},"type":"if","locations":[{"start":{"line":18,"column":4},"end":{"line":26,"column":5}},{"start":{},"end":{}}],"line":18},"3":{"loc":{"start":{"line":27,"column":4},"end":{"line":32,"column":5}},"type":"if","locations":[{"start":{"line":27,"column":4},"end":{"line":32,"column":5}},{"start":{},"end":{}}],"line":27},"4":{"loc":{"start":{"line":36,"column":2},"end":{"line":45,"column":3}},"type":"if","locations":[{"start":{"line":36,"column":2},"end":{"line":45,"column":3}},{"start":{},"end":{}}],"line":36},"5":{"loc":{"start":{"line":37,"column":4},"end":{"line":44,"column":5}},"type":"if","locations":[{"start":{"line":37,"column":4},"end":{"line":44,"column":5}},{"start":{},"end":{}}],"line":37},"6":{"loc":{"start":{"line":48,"column":2},"end":{"line":76,"column":3}},"type":"if","locations":[{"start":{"line":48,"column":2},"end":{"line":76,"column":3}},{"start":{},"end":{}}],"line":48},"7":{"loc":{"start":{"line":52,"column":4},"end":{"line":59,"column":5}},"type":"if","locations":[{"start":{"line":52,"column":4},"end":{"line":59,"column":5}},{"start":{},"end":{}}],"line":52},"8":{"loc":{"start":{"line":61,"column":4},"end":{"line":68,"column":5}},"type":"if","locations":[{"start":{"line":61,"column":4},"end":{"line":68,"column":5}},{"start":{},"end":{}}],"line":61},"9":{"loc":{"start":{"line":70,"column":4},"end":{"line":75,"column":5}},"type":"if","locations":[{"start":{"line":70,"column":4},"end":{"line":75,"column":5}},{"start":{},"end":{}}],"line":70},"10":{"loc":{"start":{"line":79,"column":2},"end":{"line":110,"column":3}},"type":"if","locations":[{"start":{"line":79,"column":2},"end":{"line":110,"column":3}},{"start":{},"end":{}}],"line":79},"11":{"loc":{"start":{"line":82,"column":4},"end":{"line":89,"column":5}},"type":"if","locations":[{"start":{"line":82,"column":4},"end":{"line":89,"column":5}},{"start":{},"end":{}}],"line":82},"12":{"loc":{"start":{"line":82,"column":8},"end":{"line":82,"column":49}},"type":"binary-expr","locations":[{"start":{"line":82,"column":8},"end":{"line":82,"column":26}},{"start":{"line":82,"column":30},"end":{"line":82,"column":49}}],"line":82},"13":{"loc":{"start":{"line":91,"column":4},"end":{"line":93,"column":5}},"type":"if","locations":[{"start":{"line":91,"column":4},"end":{"line":93,"column":5}},{"start":{},"end":{}}],"line":91},"14":{"loc":{"start":{"line":95,"column":4},"end":{"line":102,"column":5}},"type":"if","locations":[{"start":{"line":95,"column":4},"end":{"line":102,"column":5}},{"start":{},"end":{}}],"line":95},"15":{"loc":{"start":{"line":104,"column":4},"end":{"line":109,"column":5}},"type":"if","locations":[{"start":{"line":104,"column":4},"end":{"line":109,"column":5}},{"start":{},"end":{}}],"line":104},"16":{"loc":{"start":{"line":122,"column":4},"end":{"line":127,"column":5}},"type":"if","locations":[{"start":{"line":122,"column":4},"end":{"line":127,"column":5}},{"start":{},"end":{}}],"line":122},"17":{"loc":{"start":{"line":132,"column":2},"end":{"line":136,"column":3}},"type":"if","locations":[{"start":{"line":132,"column":2},"end":{"line":136,"column":3}},{"start":{},"end":{}}],"line":132}},"s":{"0":1,"1":1,"2":18,"3":12,"4":0,"5":0,"6":12,"7":6,"8":3,"9":3,"10":3,"11":0,"12":9,"13":2,"14":1,"15":9,"16":2,"17":2,"18":2,"19":1,"20":1,"21":1,"22":0,"23":0,"24":1,"25":0,"26":8,"27":2,"28":2,"29":1,"30":1,"31":1,"32":0,"33":1,"34":0,"35":0,"36":1,"37":0,"38":7,"39":6,"40":6,"41":6,"42":6,"43":0,"44":0,"45":0,"46":0,"47":0,"48":0,"49":0,"50":0,"51":0},"f":{"0":18,"1":6},"b":{"0":[0,12],"1":[6,6],"2":[3,3],"3":[0,3],"4":[2,7],"5":[1,1],"6":[2,7],"7":[1,1],"8":[0,1],"9":[0,1],"10":[2,6],"11":[1,1],"12":[2,1],"13":[0,1],"14":[0,1],"15":[0,1],"16":[0,0],"17":[0,0]},"_coverageSchema":"1a1c01bbd47fc00a2c39e90264f33305004495a9","hash":"45f7b98fa7e0354fbc1a22376adb00830a1b79ce"}
}
