{"D:\\Development\\Skillbox_gitlab\\JS\\10_type-transform\\src\\js\\student.js": {"path":"D:\\Development\\Skillbox_gitlab\\JS\\10_type-transform\\src\\js\\student.js","statementMap":{"0":{"start":{"line":3,"column":4},"end":{"line":3,"column":21}},"1":{"start":{"line":4,"column":4},"end":{"line":4,"column":27}},"2":{"start":{"line":5,"column":4},"end":{"line":5,"column":29}},"3":{"start":{"line":6,"column":4},"end":{"line":6,"column":27}},"4":{"start":{"line":7,"column":4},"end":{"line":7,"column":31}},"5":{"start":{"line":8,"column":4},"end":{"line":8,"column":31}},"6":{"start":{"line":12,"column":4},"end":{"line":12,"column":59}},"7":{"start":{"line":16,"column":24},"end":{"line":16,"column":34}},"8":{"start":{"line":17,"column":18},"end":{"line":17,"column":40}},"9":{"start":{"line":18,"column":21},"end":{"line":18,"column":63}},"10":{"start":{"line":19,"column":4},"end":{"line":27,"column":5}},"11":{"start":{"line":20,"column":21},"end":{"line":20,"column":43}},"12":{"start":{"line":22,"column":6},"end":{"line":24,"column":7}},"13":{"start":{"line":23,"column":8},"end":{"line":23,"column":29}},"14":{"start":{"line":26,"column":6},"end":{"line":26,"column":26}},"15":{"start":{"line":29,"column":4},"end":{"line":29,"column":32}},"16":{"start":{"line":33,"column":17},"end":{"line":33,"column":45}},"17":{"start":{"line":34,"column":13},"end":{"line":34,"column":42}},"18":{"start":{"line":35,"column":13},"end":{"line":35,"column":37}},"19":{"start":{"line":37,"column":4},"end":{"line":39,"column":5}},"20":{"start":{"line":38,"column":6},"end":{"line":38,"column":20}},"21":{"start":{"line":41,"column":4},"end":{"line":43,"column":5}},"22":{"start":{"line":42,"column":6},"end":{"line":42,"column":20}},"23":{"start":{"line":45,"column":4},"end":{"line":45,"column":33}},"24":{"start":{"line":49,"column":18},"end":{"line":49,"column":28}},"25":{"start":{"line":50,"column":14},"end":{"line":50,"column":64}},"26":{"start":{"line":51,"column":14},"end":{"line":51,"column":58}},"27":{"start":{"line":52,"column":4},"end":{"line":54,"column":5}},"28":{"start":{"line":53,"column":6},"end":{"line":53,"column":12}},"29":{"start":{"line":55,"column":4},"end":{"line":55,"column":15}}},"fnMap":{"0":{"name":"(anonymous_0)","decl":{"start":{"line":2,"column":2},"end":{"line":2,"column":3}},"loc":{"start":{"line":2,"column":70},"end":{"line":9,"column":3}},"line":2},"1":{"name":"(anonymous_1)","decl":{"start":{"line":11,"column":2},"end":{"line":11,"column":3}},"loc":{"start":{"line":11,"column":12},"end":{"line":13,"column":3}},"line":11},"2":{"name":"(anonymous_2)","decl":{"start":{"line":15,"column":2},"end":{"line":15,"column":3}},"loc":{"start":{"line":15,"column":23},"end":{"line":30,"column":3}},"line":15},"3":{"name":"(anonymous_3)","decl":{"start":{"line":32,"column":2},"end":{"line":32,"column":3}},"loc":{"start":{"line":32,"column":23},"end":{"line":46,"column":3}},"line":32},"4":{"name":"(anonymous_4)","decl":{"start":{"line":48,"column":2},"end":{"line":48,"column":3}},"loc":{"start":{"line":48,"column":11},"end":{"line":56,"column":3}},"line":48}},"branchMap":{"0":{"loc":{"start":{"line":19,"column":4},"end":{"line":27,"column":5}},"type":"if","locations":[{"start":{"line":19,"column":4},"end":{"line":27,"column":5}},{"start":{},"end":{}}],"line":19},"1":{"loc":{"start":{"line":19,"column":8},"end":{"line":19,"column":53}},"type":"binary-expr","locations":[{"start":{"line":19,"column":8},"end":{"line":19,"column":20}},{"start":{"line":19,"column":25},"end":{"line":19,"column":39}},{"start":{"line":19,"column":43},"end":{"line":19,"column":52}}],"line":19},"2":{"loc":{"start":{"line":22,"column":6},"end":{"line":24,"column":7}},"type":"if","locations":[{"start":{"line":22,"column":6},"end":{"line":24,"column":7}},{"start":{},"end":{}}],"line":22},"3":{"loc":{"start":{"line":37,"column":4},"end":{"line":39,"column":5}},"type":"if","locations":[{"start":{"line":37,"column":4},"end":{"line":39,"column":5}},{"start":{},"end":{}}],"line":37},"4":{"loc":{"start":{"line":41,"column":4},"end":{"line":43,"column":5}},"type":"if","locations":[{"start":{"line":41,"column":4},"end":{"line":43,"column":5}},{"start":{},"end":{}}],"line":41},"5":{"loc":{"start":{"line":52,"column":4},"end":{"line":54,"column":5}},"type":"if","locations":[{"start":{"line":52,"column":4},"end":{"line":54,"column":5}},{"start":{},"end":{}}],"line":52},"6":{"loc":{"start":{"line":52,"column":8},"end":{"line":52,"column":72}},"type":"binary-expr","locations":[{"start":{"line":52,"column":8},"end":{"line":52,"column":13}},{"start":{"line":52,"column":18},"end":{"line":52,"column":25}},{"start":{"line":52,"column":29},"end":{"line":52,"column":71}}],"line":52}},"s":{"0":1,"1":1,"2":1,"3":1,"4":1,"5":1,"6":1,"7":1,"8":1,"9":1,"10":1,"11":1,"12":1,"13":0,"14":1,"15":0,"16":1,"17":1,"18":1,"19":1,"20":1,"21":1,"22":0,"23":1,"24":2,"25":2,"26":2,"27":2,"28":2,"29":2},"f":{"0":1,"1":1,"2":1,"3":1,"4":2},"b":{"0":[1,0],"1":[1,0,0],"2":[0,1],"3":[1,0],"4":[0,1],"5":[2,0],"6":[2,0,0]},"_coverageSchema":"1a1c01bbd47fc00a2c39e90264f33305004495a9","hash":"16caf9a155d6b076634b959bec932afd0688d945"}
,"D:\\Development\\Skillbox_gitlab\\JS\\10_type-transform\\src\\js\\studentTR.js": {"path":"D:\\Development\\Skillbox_gitlab\\JS\\10_type-transform\\src\\js\\studentTR.js","statementMap":{"0":{"start":{"line":2,"column":21},"end":{"line":2,"column":49}},"1":{"start":{"line":3,"column":17},"end":{"line":3,"column":45}},"2":{"start":{"line":4,"column":21},"end":{"line":4,"column":49}},"3":{"start":{"line":5,"column":23},"end":{"line":5,"column":51}},"4":{"start":{"line":6,"column":23},"end":{"line":6,"column":51}},"5":{"start":{"line":8,"column":2},"end":{"line":8,"column":49}},"6":{"start":{"line":9,"column":2},"end":{"line":9,"column":46}},"7":{"start":{"line":10,"column":2},"end":{"line":10,"column":50}},"8":{"start":{"line":11,"column":2},"end":{"line":11,"column":52}},"9":{"start":{"line":12,"column":2},"end":{"line":12,"column":52}},"10":{"start":{"line":14,"column":25},"end":{"line":14,"column":41}},"11":{"start":{"line":16,"column":2},"end":{"line":16,"column":35}},"12":{"start":{"line":17,"column":2},"end":{"line":19,"column":7}},"13":{"start":{"line":20,"column":2},"end":{"line":20,"column":111}},"14":{"start":{"line":21,"column":2},"end":{"line":21,"column":43}},"15":{"start":{"line":23,"column":2},"end":{"line":23,"column":28}},"16":{"start":{"line":24,"column":2},"end":{"line":24,"column":32}},"17":{"start":{"line":25,"column":2},"end":{"line":25,"column":34}},"18":{"start":{"line":26,"column":2},"end":{"line":26,"column":34}},"19":{"start":{"line":28,"column":2},"end":{"line":28,"column":20}},"20":{"start":{"line":32,"column":2},"end":{"line":34,"column":3}},"21":{"start":{"line":33,"column":4},"end":{"line":33,"column":17}},"22":{"start":{"line":36,"column":2},"end":{"line":38,"column":3}},"23":{"start":{"line":37,"column":4},"end":{"line":37,"column":18}},"24":{"start":{"line":40,"column":2},"end":{"line":42,"column":3}},"25":{"start":{"line":41,"column":4},"end":{"line":41,"column":17}},"26":{"start":{"line":44,"column":2},"end":{"line":44,"column":15}}},"fnMap":{"0":{"name":"newStudentTR","decl":{"start":{"line":1,"column":24},"end":{"line":1,"column":36}},"loc":{"start":{"line":1,"column":46},"end":{"line":29,"column":1}},"line":1},"1":{"name":"getAgeDeclination","decl":{"start":{"line":31,"column":9},"end":{"line":31,"column":26}},"loc":{"start":{"line":31,"column":32},"end":{"line":45,"column":1}},"line":31}},"branchMap":{"0":{"loc":{"start":{"line":32,"column":2},"end":{"line":34,"column":3}},"type":"if","locations":[{"start":{"line":32,"column":2},"end":{"line":34,"column":3}},{"start":{},"end":{}}],"line":32},"1":{"loc":{"start":{"line":36,"column":2},"end":{"line":38,"column":3}},"type":"if","locations":[{"start":{"line":36,"column":2},"end":{"line":38,"column":3}},{"start":{},"end":{}}],"line":36},"2":{"loc":{"start":{"line":40,"column":2},"end":{"line":42,"column":3}},"type":"if","locations":[{"start":{"line":40,"column":2},"end":{"line":42,"column":3}},{"start":{},"end":{}}],"line":40}},"s":{"0":1,"1":1,"2":1,"3":1,"4":1,"5":1,"6":1,"7":1,"8":1,"9":1,"10":1,"11":1,"12":1,"13":1,"14":1,"15":1,"16":1,"17":1,"18":1,"19":1,"20":1,"21":0,"22":1,"23":0,"24":1,"25":0,"26":1},"f":{"0":1,"1":1},"b":{"0":[0,1],"1":[0,1],"2":[0,1]},"_coverageSchema":"1a1c01bbd47fc00a2c39e90264f33305004495a9","hash":"a66f067596f5b23d42f10940ce4985fa38eee6fb"}
}
