TN:
SF:src\js\student.js
FN:2,(anonymous_0)
FN:11,(anonymous_1)
FN:15,(anonymous_2)
FN:32,(anonymous_3)
FN:48,(anonymous_4)
FNF:5
FNH:5
FNDA:1,(anonymous_0)
FNDA:1,(anonymous_1)
FNDA:1,(anonymous_2)
FNDA:1,(anonymous_3)
FNDA:2,(anonymous_4)
DA:3,1
DA:4,1
DA:5,1
DA:6,1
DA:7,1
DA:8,1
DA:12,1
DA:16,1
DA:17,1
DA:18,1
DA:19,1
DA:20,1
DA:22,1
DA:23,0
DA:26,1
DA:29,0
DA:33,1
DA:34,1
DA:35,1
DA:37,1
DA:38,1
DA:41,1
DA:42,0
DA:45,1
DA:49,2
DA:50,2
DA:51,2
DA:52,2
DA:53,2
DA:55,2
LF:30
LH:27
BRDA:19,0,0,1
BRDA:19,0,1,0
BRDA:19,1,0,1
BRDA:19,1,1,0
BRDA:19,1,2,0
BRDA:22,2,0,0
BRDA:22,2,1,1
BRDA:37,3,0,1
BRDA:37,3,1,0
BRDA:41,4,0,0
BRDA:41,4,1,1
BRDA:52,5,0,2
BRDA:52,5,1,0
BRDA:52,6,0,2
BRDA:52,6,1,0
BRDA:52,6,2,0
BRF:16
BRH:7
end_of_record
TN:
SF:src\js\studentTR.js
FN:1,newStudentTR
FN:31,getAgeDeclination
FNF:2
FNH:2
FNDA:1,newStudentTR
FNDA:1,getAgeDeclination
DA:2,1
DA:3,1
DA:4,1
DA:5,1
DA:6,1
DA:8,1
DA:9,1
DA:10,1
DA:11,1
DA:12,1
DA:14,1
DA:16,1
DA:17,1
DA:20,1
DA:21,1
DA:23,1
DA:24,1
DA:25,1
DA:26,1
DA:28,1
DA:32,1
DA:33,0
DA:36,1
DA:37,0
DA:40,1
DA:41,0
DA:44,1
LF:27
LH:24
BRDA:32,0,0,0
BRDA:32,0,1,1
BRDA:36,1,0,0
BRDA:36,1,1,1
BRDA:40,2,0,0
BRDA:40,2,1,1
BRF:6
BRH:3
end_of_record
